<guide name="test-guide">

</guide>